2025-06-09 16:48:31,866 [INFO] django.utils.autoreload: Watching for file changes with StatReloader [autoreload.py:667]
2025-06-09 19:09:43,509 [INFO] django.utils.autoreload: Watching for file changes with StatReloader [autoreload.py:667]
2025-06-09 19:11:00,093 [INFO] django.utils.autoreload: /home/standout/Desktop/CARE/mediServe/mediServe/settings.py changed, reloading. [autoreload.py:265]
2025-06-09 19:11:00,566 [INFO] django.utils.autoreload: Watching for file changes with StatReloader [autoreload.py:667]
2025-06-09 19:12:35,878 [INFO] django.server: "OPTIONS /api/patients/ HTTP/1.1" 200 0 [basehttp.py:213]
2025-06-09 19:12:37,336 [INFO] django.server: "POST /api/patients/ HTTP/1.1" 200 38 [basehttp.py:213]
2025-06-09 19:27:16,832 [INFO] django.server: "POST /api/patients/ HTTP/1.1" 200 38 [basehttp.py:213]
2025-06-09 20:44:48,888 [INFO] django.utils.autoreload: Watching for file changes with StatReloader [autoreload.py:667]
2025-06-09 20:47:13,051 [ERROR] django.request: Internal Server Error: /api/patients/ [log.py:248]
2025-06-09 20:47:13,051 [ERROR] django.server: "POST /api/patients/ HTTP/1.1" 500 154 [basehttp.py:213]
2025-06-09 20:47:43,352 [INFO] django.utils.autoreload: /home/standout/Desktop/CARE/mediServe/patients/n8n_manager.py changed, reloading. [autoreload.py:265]
2025-06-09 20:47:43,776 [INFO] django.utils.autoreload: Watching for file changes with StatReloader [autoreload.py:667]
2025-06-09 20:47:44,917 [INFO] django.utils.autoreload: /home/standout/Desktop/CARE/mediServe/patients/n8n_manager.py changed, reloading. [autoreload.py:265]
2025-06-09 20:47:45,231 [INFO] django.utils.autoreload: Watching for file changes with StatReloader [autoreload.py:667]
2025-06-09 20:47:47,843 [INFO] django.utils.autoreload: /home/standout/Desktop/CARE/mediServe/patients/n8n_manager.py changed, reloading. [autoreload.py:265]
2025-06-09 20:47:48,265 [INFO] django.utils.autoreload: Watching for file changes with StatReloader [autoreload.py:667]
2025-06-09 20:48:02,029 [INFO] django.utils.autoreload: /home/standout/Desktop/CARE/mediServe/patients/n8n_manager.py changed, reloading. [autoreload.py:265]
2025-06-09 20:48:02,483 [INFO] django.utils.autoreload: Watching for file changes with StatReloader [autoreload.py:667]
2025-06-09 20:48:09,793 [ERROR] django.request: Internal Server Error: /api/patients/ [log.py:248]
2025-06-09 20:48:09,793 [ERROR] django.server: "POST /api/patients/ HTTP/1.1" 500 154 [basehttp.py:213]
2025-06-09 20:53:41,258 [INFO] django.utils.autoreload: Watching for file changes with StatReloader [autoreload.py:667]
2025-06-09 20:55:06,035 [ERROR] django.request: Internal Server Error: /api/patients/ [log.py:248]
2025-06-09 20:55:06,036 [ERROR] django.server: "POST /api/patients/ HTTP/1.1" 500 144 [basehttp.py:213]
2025-06-09 20:55:17,226 [INFO] django.utils.autoreload: /home/standout/Desktop/CARE/mediServe/patients/n8n_manager.py changed, reloading. [autoreload.py:265]
2025-06-09 20:55:17,758 [INFO] django.utils.autoreload: Watching for file changes with StatReloader [autoreload.py:667]
2025-06-09 20:55:23,552 [ERROR] django.request: Internal Server Error: /api/patients/ [log.py:248]
2025-06-09 20:55:23,553 [ERROR] django.server: "POST /api/patients/ HTTP/1.1" 500 144 [basehttp.py:213]
2025-06-09 20:56:01,062 [ERROR] django.request: Internal Server Error: /api/patients/ [log.py:248]
2025-06-09 20:56:01,063 [ERROR] django.server: "POST /api/patients/ HTTP/1.1" 500 144 [basehttp.py:213]
2025-06-09 20:57:17,682 [INFO] django.utils.autoreload: Watching for file changes with StatReloader [autoreload.py:667]
2025-06-09 20:57:48,565 [INFO] django.utils.autoreload: /home/standout/Desktop/CARE/mediServe/patients/n8n_manager.py changed, reloading. [autoreload.py:265]
2025-06-09 20:57:48,987 [INFO] django.utils.autoreload: Watching for file changes with StatReloader [autoreload.py:667]
2025-06-09 20:57:58,682 [INFO] django.utils.autoreload: /home/standout/Desktop/CARE/mediServe/mediServe/settings.py changed, reloading. [autoreload.py:265]
2025-06-09 20:57:59,070 [INFO] django.utils.autoreload: Watching for file changes with StatReloader [autoreload.py:667]
2025-06-09 20:58:14,891 [INFO] django.server: "POST /api/patients/ HTTP/1.1" 200 38 [basehttp.py:213]
2025-06-09 21:06:53,453 [INFO] django.utils.autoreload: /home/standout/Desktop/CARE/mediServe/patients/views.py changed, reloading. [autoreload.py:265]
2025-06-09 21:06:53,920 [INFO] django.utils.autoreload: Watching for file changes with StatReloader [autoreload.py:667]
2025-06-09 21:08:32,827 [INFO] django.utils.autoreload: /home/standout/Desktop/CARE/mediServe/patients/n8n_manager.py changed, reloading. [autoreload.py:265]
2025-06-09 21:08:33,256 [INFO] django.utils.autoreload: Watching for file changes with StatReloader [autoreload.py:667]
2025-06-09 21:08:34,807 [INFO] django.utils.autoreload: /home/standout/Desktop/CARE/mediServe/patients/n8n_manager.py changed, reloading. [autoreload.py:265]
2025-06-09 21:08:35,193 [INFO] django.utils.autoreload: Watching for file changes with StatReloader [autoreload.py:667]
2025-06-09 21:08:41,909 [INFO] django.utils.autoreload: /home/standout/Desktop/CARE/mediServe/patients/n8n_manager.py changed, reloading. [autoreload.py:265]
2025-06-09 21:08:42,351 [INFO] django.utils.autoreload: Watching for file changes with StatReloader [autoreload.py:667]
2025-06-09 21:08:47,635 [INFO] django.utils.autoreload: /home/standout/Desktop/CARE/mediServe/patients/n8n_manager.py changed, reloading. [autoreload.py:265]
2025-06-09 21:08:47,924 [INFO] django.utils.autoreload: Watching for file changes with StatReloader [autoreload.py:667]
2025-06-09 21:11:54,073 [INFO] django.utils.autoreload: /home/standout/Desktop/CARE/mediServe/mediServe/settings.py changed, reloading. [autoreload.py:265]
2025-06-09 21:11:54,511 [INFO] django.utils.autoreload: Watching for file changes with StatReloader [autoreload.py:667]
2025-06-09 21:15:03,957 [INFO] django.server: "OPTIONS /api/patients/ HTTP/1.1" 200 0 [basehttp.py:213]
2025-06-09 21:15:05,303 [ERROR] medirecord.errors: Unhandled Exception: {'exception_type': 'UnboundLocalError', 'exception_message': "cannot access local variable 'webhook_node_id' where it is not associated with a value", 'request_path': '/api/patients/', 'request_method': 'POST', 'user': 'AnonymousUser', 'view': '<patients.views.PatientCreateAPIView object at 0x705f6b72e480>', 'traceback': 'Traceback (most recent call last):\n  File "/home/standout/Desktop/CARE/venv/lib/python3.12/site-packages/rest_framework/views.py", line 512, in dispatch\n    response = handler(request, *args, **kwargs)\n               ^^^^^^^^^^^^^^^^^^^^^^^^^^^^^^^^^\n  File "/home/standout/Desktop/CARE/mediServe/patients/views.py", line 113, in post\n    webhook_url = manager.get_webhook_production_url(workflow_id, webhook_node_id)\n                                                                  ^^^^^^^^^^^^^^^\nUnboundLocalError: cannot access local variable \'webhook_node_id\' where it is not associated with a value\n'} [error_handlers.py:71]
2025-06-09 21:15:05,329 [ERROR] django.request: Internal Server Error: /api/patients/ [log.py:248]
Traceback (most recent call last):
  File "/home/standout/Desktop/CARE/venv/lib/python3.12/site-packages/rest_framework/views.py", line 512, in dispatch
    response = handler(request, *args, **kwargs)
               ^^^^^^^^^^^^^^^^^^^^^^^^^^^^^^^^^
  File "/home/standout/Desktop/CARE/mediServe/patients/views.py", line 113, in post
    webhook_url = manager.get_webhook_production_url(workflow_id, webhook_node_id)
                                                                  ^^^^^^^^^^^^^^^
UnboundLocalError: cannot access local variable 'webhook_node_id' where it is not associated with a value

During handling of the above exception, another exception occurred:

Traceback (most recent call last):
  File "/home/standout/Desktop/CARE/venv/lib/python3.12/site-packages/django/core/handlers/exception.py", line 55, in inner
    response = get_response(request)
               ^^^^^^^^^^^^^^^^^^^^^
  File "/home/standout/Desktop/CARE/venv/lib/python3.12/site-packages/django/core/handlers/base.py", line 197, in _get_response
    response = wrapped_callback(request, *callback_args, **callback_kwargs)
               ^^^^^^^^^^^^^^^^^^^^^^^^^^^^^^^^^^^^^^^^^^^^^^^^^^^^^^^^^^^^
  File "/home/standout/Desktop/CARE/venv/lib/python3.12/site-packages/django/views/decorators/csrf.py", line 65, in _view_wrapper
    return view_func(request, *args, **kwargs)
           ^^^^^^^^^^^^^^^^^^^^^^^^^^^^^^^^^^^
  File "/home/standout/Desktop/CARE/venv/lib/python3.12/site-packages/django/views/generic/base.py", line 104, in view
    return self.dispatch(request, *args, **kwargs)
           ^^^^^^^^^^^^^^^^^^^^^^^^^^^^^^^^^^^^^^^
  File "/home/standout/Desktop/CARE/venv/lib/python3.12/site-packages/rest_framework/views.py", line 515, in dispatch
    response = self.handle_exception(exc)
               ^^^^^^^^^^^^^^^^^^^^^^^^^^
  File "/home/standout/Desktop/CARE/venv/lib/python3.12/site-packages/rest_framework/views.py", line 472, in handle_exception
    response = exception_handler(exc, context)
               ^^^^^^^^^^^^^^^^^^^^^^^^^^^^^^^
  File "/home/standout/Desktop/CARE/mediServe/core/error_handlers.py", line 21, in custom_exception_handler
    log_error(exc, context)
  File "/home/standout/Desktop/CARE/mediServe/core/error_handlers.py", line 74, in log_error
    MetricsService.record_error_metric(exc.__class__.__name__, str(exc))
    ^^^^^^^^^^^^^^^^^^^^^^^^^^^^^^^^^^
AttributeError: type object 'MetricsService' has no attribute 'record_error_metric'
2025-06-09 21:15:05,330 [ERROR] django.server: "POST /api/patients/ HTTP/1.1" 500 139952 [basehttp.py:213]
2025-06-09 21:15:47,780 [WARNING] django.request: Bad Request: /api/patients/ [log.py:248]
2025-06-09 21:15:47,780 [WARNING] django.server: "POST /api/patients/ HTTP/1.1" 400 65 [basehttp.py:213]
2025-06-09 21:20:06,006 [INFO] django.utils.autoreload: /home/standout/Desktop/CARE/mediServe/patients/views.py changed, reloading. [autoreload.py:265]
2025-06-09 21:20:06,406 [INFO] django.utils.autoreload: Watching for file changes with StatReloader [autoreload.py:667]
2025-06-09 21:21:17,006 [WARNING] django.request: Bad Request: /api/patients/ [log.py:248]
2025-06-09 21:21:17,006 [WARNING] django.server: "POST /api/patients/ HTTP/1.1" 400 65 [basehttp.py:213]
2025-06-09 21:21:30,284 [INFO] django.server: "POST /api/patients/ HTTP/1.1" 200 104 [basehttp.py:213]
2025-06-09 21:37:35,061 [INFO] django.utils.autoreload: /home/standout/Desktop/CARE/mediServe/patients/n8n_manager.py changed, reloading. [autoreload.py:265]
2025-06-09 21:37:35,497 [INFO] django.utils.autoreload: Watching for file changes with StatReloader [autoreload.py:667]
2025-06-09 21:37:37,114 [INFO] django.utils.autoreload: /home/standout/Desktop/CARE/mediServe/patients/n8n_manager.py changed, reloading. [autoreload.py:265]
2025-06-09 21:37:37,524 [INFO] django.utils.autoreload: Watching for file changes with StatReloader [autoreload.py:667]
2025-06-09 21:37:39,125 [INFO] django.utils.autoreload: /home/standout/Desktop/CARE/mediServe/patients/n8n_manager.py changed, reloading. [autoreload.py:265]
2025-06-09 21:37:39,665 [INFO] django.utils.autoreload: Watching for file changes with StatReloader [autoreload.py:667]
2025-06-09 21:37:44,339 [INFO] django.utils.autoreload: /home/standout/Desktop/CARE/mediServe/patients/n8n_manager.py changed, reloading. [autoreload.py:265]
2025-06-09 21:37:44,815 [INFO] django.utils.autoreload: Watching for file changes with StatReloader [autoreload.py:667]
2025-06-09 21:37:55,079 [INFO] django.utils.autoreload: /home/standout/Desktop/CARE/mediServe/patients/n8n_manager.py changed, reloading. [autoreload.py:265]
2025-06-09 21:37:55,397 [INFO] django.utils.autoreload: Watching for file changes with StatReloader [autoreload.py:667]
2025-06-09 21:40:32,627 [ERROR] django.request: Internal Server Error: /api/patients/ [log.py:248]
2025-06-09 21:40:32,627 [ERROR] django.server: "POST /api/patients/ HTTP/1.1" 500 154 [basehttp.py:213]
2025-06-09 21:40:43,670 [INFO] django.utils.autoreload: /home/standout/Desktop/CARE/mediServe/patients/n8n_manager.py changed, reloading. [autoreload.py:265]
2025-06-09 21:40:44,045 [INFO] django.utils.autoreload: Watching for file changes with StatReloader [autoreload.py:667]
2025-06-09 21:40:47,293 [INFO] django.utils.autoreload: /home/standout/Desktop/CARE/mediServe/patients/n8n_manager.py changed, reloading. [autoreload.py:265]
2025-06-09 21:40:47,614 [INFO] django.utils.autoreload: Watching for file changes with StatReloader [autoreload.py:667]
2025-06-09 21:40:51,236 [ERROR] django.request: Internal Server Error: /api/patients/ [log.py:248]
2025-06-09 21:40:51,236 [ERROR] django.server: "POST /api/patients/ HTTP/1.1" 500 154 [basehttp.py:213]
2025-06-09 21:41:03,401 [INFO] django.utils.autoreload: /home/standout/Desktop/CARE/mediServe/patients/n8n_manager.py changed, reloading. [autoreload.py:265]
2025-06-09 21:41:03,875 [INFO] django.utils.autoreload: Watching for file changes with StatReloader [autoreload.py:667]
2025-06-09 21:45:46,166 [INFO] django.utils.autoreload: /home/standout/Desktop/CARE/mediServe/mediServe/settings.py changed, reloading. [autoreload.py:265]
2025-06-09 21:45:46,644 [INFO] django.utils.autoreload: Watching for file changes with StatReloader [autoreload.py:667]
2025-06-09 21:46:10,436 [ERROR] django.request: Internal Server Error: /api/patients/ [log.py:248]
2025-06-09 21:46:10,437 [ERROR] django.server: "POST /api/patients/ HTTP/1.1" 500 155 [basehttp.py:213]
2025-06-09 21:46:43,354 [INFO] django.utils.autoreload: /home/standout/Desktop/CARE/mediServe/patients/n8n_manager.py changed, reloading. [autoreload.py:265]
2025-06-09 21:46:43,793 [INFO] django.utils.autoreload: Watching for file changes with StatReloader [autoreload.py:667]
2025-06-09 21:46:47,291 [ERROR] django.request: Internal Server Error: /api/patients/ [log.py:248]
2025-06-09 21:46:47,291 [ERROR] django.server: "POST /api/patients/ HTTP/1.1" 500 155 [basehttp.py:213]
2025-06-09 21:46:53,567 [INFO] django.utils.autoreload: /home/standout/Desktop/CARE/mediServe/patients/n8n_manager.py changed, reloading. [autoreload.py:265]
2025-06-09 21:46:54,010 [INFO] django.utils.autoreload: Watching for file changes with StatReloader [autoreload.py:667]
2025-06-09 21:46:56,749 [ERROR] django.request: Internal Server Error: /api/patients/ [log.py:248]
2025-06-09 21:46:56,750 [ERROR] django.server: "POST /api/patients/ HTTP/1.1" 500 155 [basehttp.py:213]
2025-06-09 21:47:26,142 [INFO] django.utils.autoreload: /home/standout/Desktop/CARE/mediServe/patients/n8n_manager.py changed, reloading. [autoreload.py:265]
2025-06-09 21:47:26,636 [INFO] django.utils.autoreload: Watching for file changes with StatReloader [autoreload.py:667]
2025-06-09 21:48:25,167 [INFO] django.utils.autoreload: /home/standout/Desktop/CARE/mediServe/mediServe/settings.py changed, reloading. [autoreload.py:265]
2025-06-09 21:48:25,624 [INFO] django.utils.autoreload: Watching for file changes with StatReloader [autoreload.py:667]
2025-06-09 21:49:13,053 [INFO] django.utils.autoreload: /home/standout/Desktop/CARE/mediServe/patients/n8n_manager.py changed, reloading. [autoreload.py:265]
2025-06-09 21:49:13,512 [INFO] django.utils.autoreload: Watching for file changes with StatReloader [autoreload.py:667]
2025-06-09 21:49:18,714 [INFO] django.utils.autoreload: /home/standout/Desktop/CARE/mediServe/patients/n8n_manager.py changed, reloading. [autoreload.py:265]
2025-06-09 21:49:19,064 [INFO] django.utils.autoreload: Watching for file changes with StatReloader [autoreload.py:667]
2025-06-09 21:49:27,528 [INFO] django.server: "POST /api/patients/ HTTP/1.1" 200 82 [basehttp.py:213]
2025-06-09 21:58:36,740 [INFO] django.utils.autoreload: /home/standout/Desktop/CARE/mediServe/patients/n8n_manager.py changed, reloading. [autoreload.py:265]
2025-06-09 21:58:37,160 [INFO] django.utils.autoreload: Watching for file changes with StatReloader [autoreload.py:667]
2025-06-09 21:58:43,470 [INFO] django.utils.autoreload: /home/standout/Desktop/CARE/mediServe/patients/n8n_manager.py changed, reloading. [autoreload.py:265]
2025-06-09 21:58:43,884 [INFO] django.utils.autoreload: Watching for file changes with StatReloader [autoreload.py:667]
2025-06-09 22:02:45,444 [INFO] django.server: "POST /api/patients/ HTTP/1.1" 200 159 [basehttp.py:213]
2025-06-09 22:19:13,014 [INFO] django.utils.autoreload: Watching for file changes with StatReloader [autoreload.py:667]
2025-06-09 22:28:06,070 [INFO] django.utils.autoreload: /home/standout/Desktop/CARE/mediServe/patients/n8n_manager.py changed, reloading. [autoreload.py:265]
2025-06-09 22:28:06,552 [INFO] django.utils.autoreload: Watching for file changes with StatReloader [autoreload.py:667]
2025-06-09 22:28:13,299 [INFO] django.utils.autoreload: /home/standout/Desktop/CARE/mediServe/patients/n8n_manager.py changed, reloading. [autoreload.py:265]
2025-06-09 22:28:13,758 [INFO] django.utils.autoreload: Watching for file changes with StatReloader [autoreload.py:667]
2025-06-09 22:28:22,010 [INFO] django.utils.autoreload: /home/standout/Desktop/CARE/mediServe/patients/n8n_manager.py changed, reloading. [autoreload.py:265]
2025-06-09 22:28:22,319 [INFO] django.utils.autoreload: Watching for file changes with StatReloader [autoreload.py:667]
2025-06-09 22:30:43,899 [INFO] django.server: "POST /api/patients/ HTTP/1.1" 200 111 [basehttp.py:213]
2025-06-09 22:43:20,011 [INFO] django.utils.autoreload: /home/standout/Desktop/CARE/mediServe/patients/n8n_manager.py changed, reloading. [autoreload.py:265]
2025-06-09 22:43:20,528 [INFO] django.utils.autoreload: Watching for file changes with StatReloader [autoreload.py:667]
2025-06-09 22:43:21,711 [INFO] django.utils.autoreload: /home/standout/Desktop/CARE/mediServe/patients/n8n_manager.py changed, reloading. [autoreload.py:265]
2025-06-09 22:43:22,119 [INFO] django.utils.autoreload: Watching for file changes with StatReloader [autoreload.py:667]
2025-06-09 22:43:25,883 [INFO] django.utils.autoreload: /home/standout/Desktop/CARE/mediServe/patients/n8n_manager.py changed, reloading. [autoreload.py:265]
2025-06-09 22:43:26,322 [INFO] django.utils.autoreload: Watching for file changes with StatReloader [autoreload.py:667]
2025-06-09 22:43:29,539 [INFO] django.utils.autoreload: /home/standout/Desktop/CARE/mediServe/patients/n8n_manager.py changed, reloading. [autoreload.py:265]
2025-06-09 22:43:29,859 [INFO] django.utils.autoreload: Watching for file changes with StatReloader [autoreload.py:667]
2025-06-09 22:43:51,002 [INFO] django.utils.autoreload: /home/standout/Desktop/CARE/mediServe/patients/n8n_manager.py changed, reloading. [autoreload.py:265]
2025-06-09 22:43:51,572 [INFO] django.utils.autoreload: Watching for file changes with StatReloader [autoreload.py:667]
2025-06-09 22:43:57,275 [INFO] django.utils.autoreload: /home/standout/Desktop/CARE/mediServe/patients/n8n_manager.py changed, reloading. [autoreload.py:265]
2025-06-09 22:43:57,724 [INFO] django.utils.autoreload: Watching for file changes with StatReloader [autoreload.py:667]
2025-06-09 22:44:01,951 [INFO] django.utils.autoreload: /home/standout/Desktop/CARE/mediServe/patients/n8n_manager.py changed, reloading. [autoreload.py:265]
2025-06-09 22:44:02,404 [INFO] django.utils.autoreload: Watching for file changes with StatReloader [autoreload.py:667]
2025-06-09 22:44:55,678 [INFO] django.server: "POST /api/patients/ HTTP/1.1" 200 111 [basehttp.py:213]
2025-06-09 22:49:38,613 [INFO] django.utils.autoreload: Watching for file changes with StatReloader [autoreload.py:667]
2025-06-09 22:50:49,929 [INFO] django.server: "POST /api/patients/ HTTP/1.1" 200 111 [basehttp.py:213]
2025-06-09 22:53:22,193 [INFO] django.server: "POST /api/patients/ HTTP/1.1" 200 111 [basehttp.py:213]
2025-06-09 23:09:02,565 [INFO] django.utils.autoreload: Watching for file changes with StatReloader [autoreload.py:667]
2025-06-09 23:09:43,239 [INFO] django.server: "POST /api/patients/ HTTP/1.1" 200 111 [basehttp.py:213]
2025-06-09 23:33:40,993 [INFO] django.utils.autoreload: /home/standout/Desktop/CARE/mediServe/patients/n8n_manager.py changed, reloading. [autoreload.py:265]
2025-06-09 23:33:41,458 [INFO] django.utils.autoreload: Watching for file changes with StatReloader [autoreload.py:667]
2025-06-09 23:33:45,668 [INFO] django.utils.autoreload: /home/standout/Desktop/CARE/mediServe/patients/n8n_manager.py changed, reloading. [autoreload.py:265]
2025-06-09 23:33:45,995 [INFO] django.utils.autoreload: Watching for file changes with StatReloader [autoreload.py:667]
2025-06-09 23:38:31,481 [INFO] django.utils.autoreload: /home/standout/Desktop/CARE/mediServe/patients/n8n_manager.py changed, reloading. [autoreload.py:265]
2025-06-09 23:38:31,942 [INFO] django.utils.autoreload: Watching for file changes with StatReloader [autoreload.py:667]
2025-06-09 23:38:35,178 [INFO] django.utils.autoreload: /home/standout/Desktop/CARE/mediServe/patients/n8n_manager.py changed, reloading. [autoreload.py:265]
2025-06-09 23:38:35,487 [INFO] django.utils.autoreload: Watching for file changes with StatReloader [autoreload.py:667]
2025-06-09 23:40:49,489 [INFO] django.utils.autoreload: /home/standout/Desktop/CARE/mediServe/patients/views.py changed, reloading. [autoreload.py:265]
2025-06-09 23:40:49,984 [INFO] django.utils.autoreload: Watching for file changes with StatReloader [autoreload.py:667]
2025-06-09 23:41:09,445 [INFO] django.utils.autoreload: /home/standout/Desktop/CARE/mediServe/patients/views.py changed, reloading. [autoreload.py:265]
2025-06-09 23:41:09,806 [INFO] django.utils.autoreload: Watching for file changes with StatReloader [autoreload.py:667]
2025-06-09 23:41:23,686 [INFO] django.utils.autoreload: /home/standout/Desktop/CARE/mediServe/patients/views.py changed, reloading. [autoreload.py:265]
2025-06-09 23:41:24,090 [INFO] django.utils.autoreload: Watching for file changes with StatReloader [autoreload.py:667]
2025-06-09 23:43:44,507 [INFO] django.server: "OPTIONS /api/patients/ HTTP/1.1" 200 0 [basehttp.py:213]
2025-06-09 23:43:44,622 [INFO] django.server: "POST /api/patients/ HTTP/1.1" 200 111 [basehttp.py:213]
2025-06-10 00:06:00,078 [INFO] django.utils.autoreload: Watching for file changes with StatReloader [autoreload.py:667]
2025-06-10 00:06:54,617 [INFO] django.server: "POST /api/patients/ HTTP/1.1" 201 406 [basehttp.py:213]
2025-06-10 00:08:41,260 [INFO] django.utils.autoreload: /home/standout/Desktop/CARE/mediServe/patients/n8n_manager.py changed, reloading. [autoreload.py:265]
2025-06-10 00:08:41,714 [INFO] django.utils.autoreload: Watching for file changes with StatReloader [autoreload.py:667]
2025-06-10 00:10:40,819 [INFO] django.utils.autoreload: /home/standout/Desktop/CARE/mediServe/patients/n8n_manager.py changed, reloading. [autoreload.py:265]
2025-06-10 00:10:41,208 [INFO] django.utils.autoreload: Watching for file changes with StatReloader [autoreload.py:667]
2025-06-10 00:10:43,848 [INFO] django.utils.autoreload: /home/standout/Desktop/CARE/mediServe/patients/n8n_manager.py changed, reloading. [autoreload.py:265]
2025-06-10 00:10:44,254 [INFO] django.utils.autoreload: Watching for file changes with StatReloader [autoreload.py:667]
2025-06-10 00:10:45,838 [INFO] django.utils.autoreload: /home/standout/Desktop/CARE/mediServe/patients/n8n_manager.py changed, reloading. [autoreload.py:265]
2025-06-10 00:10:46,310 [INFO] django.utils.autoreload: Watching for file changes with StatReloader [autoreload.py:667]
2025-06-10 00:10:49,960 [INFO] django.utils.autoreload: /home/standout/Desktop/CARE/mediServe/patients/views.py changed, reloading. [autoreload.py:265]
2025-06-10 00:10:50,353 [INFO] django.utils.autoreload: Watching for file changes with StatReloader [autoreload.py:667]
2025-06-10 00:11:57,496 [INFO] django.server: "POST /api/patients/ HTTP/1.1" 201 406 [basehttp.py:213]
2025-06-10 00:13:07,305 [INFO] django.utils.autoreload: /home/standout/Desktop/CARE/mediServe/patients/n8n_manager.py changed, reloading. [autoreload.py:265]
2025-06-10 00:13:07,755 [INFO] django.utils.autoreload: Watching for file changes with StatReloader [autoreload.py:667]
2025-06-10 00:13:09,936 [INFO] django.utils.autoreload: /home/standout/Desktop/CARE/mediServe/patients/n8n_manager.py changed, reloading. [autoreload.py:265]
2025-06-10 00:13:10,307 [INFO] django.utils.autoreload: Watching for file changes with StatReloader [autoreload.py:667]
2025-06-10 00:13:16,968 [INFO] django.utils.autoreload: /home/standout/Desktop/CARE/mediServe/patients/views.py changed, reloading. [autoreload.py:265]
2025-06-10 00:13:17,369 [INFO] django.utils.autoreload: Watching for file changes with StatReloader [autoreload.py:667]
2025-06-10 00:13:59,694 [INFO] django.utils.autoreload: /home/standout/Desktop/CARE/mediServe/patients/n8n_manager.py changed, reloading. [autoreload.py:265]
2025-06-10 00:14:00,180 [INFO] django.utils.autoreload: Watching for file changes with StatReloader [autoreload.py:667]
2025-06-10 00:14:03,427 [INFO] django.utils.autoreload: /home/standout/Desktop/CARE/mediServe/patients/n8n_manager.py changed, reloading. [autoreload.py:265]
2025-06-10 00:14:03,752 [INFO] django.utils.autoreload: Watching for file changes with StatReloader [autoreload.py:667]
2025-06-10 00:16:14,332 [INFO] django.utils.autoreload: /home/standout/Desktop/CARE/mediServe/patients/n8n_manager.py changed, reloading. [autoreload.py:265]
2025-06-10 00:16:14,749 [INFO] django.utils.autoreload: Watching for file changes with StatReloader [autoreload.py:667]
2025-06-10 00:16:16,331 [INFO] django.utils.autoreload: /home/standout/Desktop/CARE/mediServe/patients/n8n_manager.py changed, reloading. [autoreload.py:265]
2025-06-10 00:16:16,719 [INFO] django.utils.autoreload: Watching for file changes with StatReloader [autoreload.py:667]
2025-06-10 00:16:17,876 [INFO] django.utils.autoreload: /home/standout/Desktop/CARE/mediServe/patients/n8n_manager.py changed, reloading. [autoreload.py:265]
2025-06-10 00:16:18,212 [INFO] django.utils.autoreload: Watching for file changes with StatReloader [autoreload.py:667]
2025-06-10 00:16:22,870 [INFO] django.utils.autoreload: /home/standout/Desktop/CARE/mediServe/patients/n8n_manager.py changed, reloading. [autoreload.py:265]
2025-06-10 00:16:23,300 [INFO] django.utils.autoreload: Watching for file changes with StatReloader [autoreload.py:667]
2025-06-10 00:16:30,526 [INFO] django.utils.autoreload: /home/standout/Desktop/CARE/mediServe/patients/n8n_manager.py changed, reloading. [autoreload.py:265]
2025-06-10 00:16:30,856 [INFO] django.utils.autoreload: Watching for file changes with StatReloader [autoreload.py:667]
2025-06-10 00:16:55,899 [INFO] django.utils.autoreload: /home/standout/Desktop/CARE/mediServe/patients/views.py changed, reloading. [autoreload.py:265]
2025-06-10 00:16:56,372 [INFO] django.utils.autoreload: Watching for file changes with StatReloader [autoreload.py:667]
2025-06-10 00:16:57,995 [INFO] django.utils.autoreload: /home/standout/Desktop/CARE/mediServe/patients/views.py changed, reloading. [autoreload.py:265]
2025-06-10 00:16:58,385 [INFO] django.utils.autoreload: Watching for file changes with StatReloader [autoreload.py:667]
2025-06-10 00:17:00,974 [INFO] django.utils.autoreload: /home/standout/Desktop/CARE/mediServe/patients/views.py changed, reloading. [autoreload.py:265]
2025-06-10 00:17:01,364 [INFO] django.utils.autoreload: Watching for file changes with StatReloader [autoreload.py:667]
2025-06-10 00:18:23,193 [INFO] django.utils.autoreload: /home/standout/Desktop/CARE/mediServe/patients/views.py changed, reloading. [autoreload.py:265]
2025-06-10 00:18:23,635 [INFO] django.utils.autoreload: Watching for file changes with StatReloader [autoreload.py:667]
2025-06-10 00:22:04,804 [INFO] django.utils.autoreload: Watching for file changes with StatReloader [autoreload.py:667]
2025-06-10 00:23:03,124 [INFO] django.server: "POST /api/patients/ HTTP/1.1" 201 406 [basehttp.py:213]
2025-06-10 00:26:20,333 [INFO] django.utils.autoreload: /home/standout/Desktop/CARE/mediServe/patients/n8n_manager.py changed, reloading. [autoreload.py:265]
2025-06-10 00:26:20,719 [INFO] django.utils.autoreload: Watching for file changes with StatReloader [autoreload.py:667]
2025-06-10 00:26:24,312 [INFO] django.utils.autoreload: /home/standout/Desktop/CARE/mediServe/patients/n8n_manager.py changed, reloading. [autoreload.py:265]
2025-06-10 00:26:24,758 [INFO] django.utils.autoreload: Watching for file changes with StatReloader [autoreload.py:667]
2025-06-10 00:26:30,375 [INFO] django.utils.autoreload: /home/standout/Desktop/CARE/mediServe/patients/n8n_manager.py changed, reloading. [autoreload.py:265]
2025-06-10 00:26:30,879 [INFO] django.utils.autoreload: Watching for file changes with StatReloader [autoreload.py:667]
2025-06-10 00:27:08,836 [INFO] django.utils.autoreload: /home/standout/Desktop/CARE/mediServe/patients/views.py changed, reloading. [autoreload.py:265]
2025-06-10 00:27:09,272 [INFO] django.utils.autoreload: Watching for file changes with StatReloader [autoreload.py:667]
2025-06-10 00:27:13,502 [INFO] django.utils.autoreload: /home/standout/Desktop/CARE/mediServe/patients/views.py changed, reloading. [autoreload.py:265]
2025-06-10 00:27:13,849 [INFO] django.utils.autoreload: Watching for file changes with StatReloader [autoreload.py:667]
2025-06-10 00:28:14,990 [INFO] django.server: "POST /api/patients/ HTTP/1.1" 201 406 [basehttp.py:213]
2025-06-10 13:06:01,094 [INFO] django.utils.autoreload: Watching for file changes with StatReloader [autoreload.py:667]
2025-06-10 13:07:20,023 [INFO] django.server: "OPTIONS /api/patients/ HTTP/1.1" 200 0 [basehttp.py:213]
2025-06-10 13:07:30,431 [INFO] django.server: "POST /api/patients/ HTTP/1.1" 201 406 [basehttp.py:213]
2025-06-10 13:11:23,125 [INFO] django.server: "POST /api/patients/ HTTP/1.1" 201 406 [basehttp.py:213]
2025-06-10 13:37:17,597 [INFO] django.utils.autoreload: /home/standout/Desktop/CARE/mediServe/patients/n8n_manager.py changed, reloading. [autoreload.py:265]
2025-06-10 13:37:18,003 [INFO] django.utils.autoreload: Watching for file changes with StatReloader [autoreload.py:667]
2025-06-10 13:37:24,771 [INFO] django.utils.autoreload: /home/standout/Desktop/CARE/mediServe/patients/n8n_manager.py changed, reloading. [autoreload.py:265]
2025-06-10 13:37:25,230 [INFO] django.utils.autoreload: Watching for file changes with StatReloader [autoreload.py:667]
